<?xml version="1.0" encoding="UTF-8"?>
<!-- Generated by org.testng.reporters.JUnitXMLReporter -->
<testsuite ignored="0" hostname="DESKTOP-5H993OS" failures="1" tests="3" name="Error Validation Test" time="27.714" errors="0" timestamp="2023-03-14T18:28:22 CET">
  <testcase classname="rahulshettyacademy.tests.errorValidationTest" name="LoginError" time="0.884">
    <skipped/>
  </testcase> <!-- LoginError -->
  <testcase classname="rahulshettyacademy.tests.errorValidationTest" name="LoginError" time="0.671">
    <failure type="java.lang.AssertionError" message="expected [Incorrect email or password.] but found [Incorrect email password.]">
      <![CDATA[java.lang.AssertionError: expected [Incorrect email or password.] but found [Incorrect email password.]
at rahulshettyacademy.tests.errorValidationTest.LoginError(errorValidationTest.java:19)
at java.base/java.util.ArrayList.forEach(ArrayList.java:1511)
at java.base/java.util.concurrent.FutureTask.run(FutureTask.java:317)
at java.base/java.util.concurrent.ThreadPoolExecutor.runWorker(ThreadPoolExecutor.java:1144)
at java.base/java.util.concurrent.ThreadPoolExecutor$Worker.run(ThreadPoolExecutor.java:642)
at java.base/java.lang.Thread.run(Thread.java:1589)
... Removed 21 stack frames]]>
    </failure>
  </testcase> <!-- LoginError -->
  <testcase classname="rahulshettyacademy.tests.errorValidationTest" name="ProductsError" time="3.133"/>
</testsuite> <!-- Error Validation Test -->
